{
  "RSpec": {
    "coverage": {
      "/Users/andru1989/Dropbox/labs/population/spec/models/region_spec.rb": [
        1,
        null,
        1,
        null,
        1,
        2,
        2,
        null,
        null,
        1,
        2,
        null,
        null,
        null
      ],
      "/Users/andru1989/Dropbox/labs/population/app/models/region.rb": [
        1,
        null,
        1,
        null,
        1,
        null,
        null
      ],
      "/Users/andru1989/Dropbox/labs/population/app/controllers/pages_controller.rb": [
        1,
        null,
        1,
        null,
        null,
        null
      ],
      "/Users/andru1989/Dropbox/labs/population/app/controllers/application_controller.rb": [
        1,
        null,
        null,
        1,
        null
      ],
      "/Users/andru1989/Dropbox/labs/population/app/controllers/regions_controller.rb": [
        1,
        1,
        null,
        null,
        null,
        1,
        2,
        null,
        null,
        null,
        null,
        1,
        null,
        null,
        null,
        1,
        1,
        null,
        null,
        null,
        1,
        null,
        null,
        null,
        null,
        1,
        1,
        null,
        1,
        1,
        2,
        1,
        null,
        0,
        0,
        null,
        null,
        null,
        null,
        null,
        null,
        1,
        0,
        0,
        0,
        0,
        null,
        0,
        0,
        null,
        null,
        null,
        null,
        null,
        null,
        1,
        0,
        0,
        0,
        0,
        null,
        null,
        null,
        1,
        null,
        1,
        0,
        null,
        null,
        null,
        1,
        1,
        null,
        null
      ]
    },
    "timestamp": 1442907951
  }
}
